{"/Users/fukai03/Desktop/test code/cicd-demo/src/App.css": {"path":"/Users/fukai03/Desktop/test code/cicd-demo/src/App.css","statementMap":{"0":{"start":{"line":1,"column":0},"end":{"line":1,"column":20}}},"fnMap":{},"branchMap":{},"s":{"0":1},"f":{},"b":{},"inputSourceMap":null,"_coverageSchema":"1a1c01bbd47fc00a2c39e90264f33305004495a9","hash":"46082cdbf4ae0caad447283b8d40338f42fbc510"}
,"/Users/fukai03/Desktop/test code/cicd-demo/src/App.tsx": {"path":"/Users/fukai03/Desktop/test code/cicd-demo/src/App.tsx","statementMap":{"0":{"start":{"line":1,"column":0},"end":{"line":1,"column":null}},"1":{"start":{"line":2,"column":0},"end":{"line":2,"column":null}},"2":{"start":{"line":3,"column":0},"end":{"line":3,"column":null}},"3":{"start":{"line":9,"column":29},"end":{"line":28,"column":1}},"4":{"start":{"line":10,"column":28},"end":{"line":10,"column":39}},"5":{"start":{"line":12,"column":2},"end":{"line":26,"column":null}},"6":{"start":{"line":21,"column":31},"end":{"line":21,"column":53}},"7":{"start":{"line":21,"column":47},"end":{"line":21,"column":52}},"8":{"start":{"line":30,"column":0},"end":{"line":30,"column":null}}},"fnMap":{"0":{"name":"(anonymous_0)","decl":{"start":{"line":9,"column":29},"end":{"line":9,"column":30}},"loc":{"start":{"line":9,"column":41},"end":{"line":28,"column":1}}},"1":{"name":"(anonymous_1)","decl":{"start":{"line":21,"column":25},"end":{"line":21,"column":31}},"loc":{"start":{"line":21,"column":31},"end":{"line":21,"column":53}}},"2":{"name":"(anonymous_2)","decl":{"start":{"line":21,"column":41},"end":{"line":21,"column":42}},"loc":{"start":{"line":21,"column":47},"end":{"line":21,"column":52}}}},"branchMap":{},"s":{"0":1,"1":1,"2":1,"3":1,"4":3,"5":3,"6":1,"7":1,"8":1},"f":{"0":3,"1":1,"2":1},"b":{}}
,"/Users/fukai03/Desktop/test code/cicd-demo/src/assets/react.svg": {"path":"/Users/fukai03/Desktop/test code/cicd-demo/src/assets/react.svg","statementMap":{"0":{"start":{"line":1,"column":0},"end":{"line":1,"column":20}}},"fnMap":{},"branchMap":{},"s":{"0":1},"f":{},"b":{},"inputSourceMap":null,"_coverageSchema":"1a1c01bbd47fc00a2c39e90264f33305004495a9","hash":"cadf6becb0ab8428dd95339f746a6b71e017e619"}
}
